ERROR: Configuration file spins.conf could not be opened

SPINS: baseline options:
  --config arg (=spins.conf) Configuration file
  --help                     Print this set of options and exit

Grid Options:
  --Lx arg              Length of tank
  --Ly arg (=1)         Width of tank
  --Lz arg              Height of tank
  --Nx arg              Number of points in X
  --Ny arg (=1)         Number of points in Y
  --Nz arg              Number of points in Z
  --min_x arg (=0)      Minimum X-value
  --min_y arg (=0)      Minimum Y-value
  --min_z arg (=0)      Minimum Z-value

Grid expansion options:
  --type_x arg            Grid type in X.  Valid values are:
                             FOURIER: Periodic
                             FREE_SLIP: Cosine expansion
                             NO_SLIP: Chebyhsev expansion
  --type_y arg (=FOURIER) Grid type in Y
  --type_z arg            Grid type in Z

Grid mapping options:
  --mapped_grid arg (=0) Is the grid mapped?
  --xgrid arg            x-grid filename
  --zgrid arg            z-grid filename

Input data:
  --file_type arg       Format of input data files, including that for the 
                        mapped grid.Valid options are:
                           MATLAB: Row-major 2D arrays of size Nx x Nz
                           CTYPE:  Column-major 2D arrays (including that 
                                   output by 2D SPINS runs)
                           FULL:   Column-major 3D arrays; implies CTYPE for 
                                   grid mapping if enabled
  --u_file arg          U-velocity filename
  --v_file arg          V-velocity filename
  --w_file arg          W-velocity filename
  --rho_file arg        Rho (density) filename
  --tracer_file arg     Tracer filename

Physical parameters:
  --g arg (=9.8100000000000005) Gravitational acceleration
  --tilt_slope arg (=0)         Slope (i.e. tilting) of the tank
  --rot_f arg (=0)              Coriolis parameter
  --rho_0 arg (=1000)           Reference density
  --visco arg                   Viscosity
  --kappa_rho arg               Diffusivity of density

Second tracer:
  --enable_tracer                       Enable evolution of a second tracer
  --tracer_kappa arg                    Diffusivity of tracer
  --tracer_gravity arg (=9.8100000000000005)
                                        Gravity for the second tracer

Temporal options:
  --final_time arg                    Final time
  --plot_interval arg                 Time between writes
  --plot_interval_1d arg (=0)         Time between writes of 1d slince, must be
                                      divisible by plot_interval
  --dt_max arg (=0.10000000000000001) Maximum time step. Zero value results in 
                                      the default

Restart options:
  --restart arg (=0)           Restart from prior output time.
  --restart_time arg (=0)      Time to restart from
  --restart_sequence arg (=-1) Sequence number to restart from

Dumping options:
  --restart_from_dump arg (=0) If restart from dump
  --compute_time arg (=-1)     Time permitted for computation

Other options:
  --perturb arg                      Initial perturbation in velocity
  --compute_enstrophy arg (=1)       Calculate enstrophy?
  --compute_dissipation arg (=1)     Calculate dissipation?
  --compute_BPE arg (=1)             Calculate BPE?
  --compute_internal_to_BPE arg (=1) Calculate BPE gained from internal energy?
  --compute_stresses_top arg (=0)    Calculate top surfaces stresses?
  --compute_stresses_bottom arg (=0) Calculate bottom surfaces stresses?
  --write_pressure arg (=0)          Write the pressure field?

Filter options:
  --f_cutoff arg (=0.59999999999999998) Filter cut-off frequency
  --f_order arg (=2)                    Filter order
  --f_strength arg (=20)                Filter strength

srun: error: gra91: tasks 0-3: Exited with exit code 1
srun: Terminating job step 13663834.0
